0 info it worked if it ends with ok
1 verbose cli [ '/usr/local/bin/node',
1 verbose cli   '/usr/local/bin/npm',
1 verbose cli   'install',
1 verbose cli   '-g',
1 verbose cli   'ios-deploy' ]
2 info using npm@2.15.1
3 info using node@v4.4.4
4 verbose install initial load of /usr/local/lib/package.json
5 verbose readDependencies loading dependencies from /usr/local/lib/package.json
6 silly cache add args [ 'ios-deploy', null ]
7 verbose cache add spec ios-deploy
8 silly cache add parsed spec Result {
8 silly cache add   raw: 'ios-deploy',
8 silly cache add   scope: null,
8 silly cache add   name: 'ios-deploy',
8 silly cache add   rawSpec: '',
8 silly cache add   spec: 'latest',
8 silly cache add   type: 'tag' }
9 silly addNamed ios-deploy@latest
10 verbose addNamed "latest" is being treated as a dist-tag for ios-deploy
11 info addNameTag [ 'ios-deploy', 'latest' ]
12 silly mapToRegistry name ios-deploy
13 silly mapToRegistry using default registry
14 silly mapToRegistry registry https://registry.npmjs.org/
15 silly mapToRegistry data Result {
15 silly mapToRegistry   raw: 'ios-deploy',
15 silly mapToRegistry   scope: null,
15 silly mapToRegistry   name: 'ios-deploy',
15 silly mapToRegistry   rawSpec: '',
15 silly mapToRegistry   spec: 'latest',
15 silly mapToRegistry   type: 'tag' }
16 silly mapToRegistry uri https://registry.npmjs.org/ios-deploy
17 verbose addNameTag registry:https://registry.npmjs.org/ios-deploy not in flight; fetching
18 verbose request uri https://registry.npmjs.org/ios-deploy
19 verbose request no auth needed
20 info attempt registry request try #1 at 7:19:15 AM
21 verbose request id 5c8c65702328166e
22 verbose etag W/"58042da1-9e49"
23 verbose lastModified Mon, 17 Oct 2016 01:47:13 GMT
24 http request GET https://registry.npmjs.org/ios-deploy
25 http 304 https://registry.npmjs.org/ios-deploy
26 verbose headers { date: 'Tue, 22 Nov 2016 22:19:18 GMT',
26 verbose headers   via: '1.1 varnish',
26 verbose headers   'cache-control': 'max-age=300',
26 verbose headers   etag: 'W/"58042da1-9e49"',
26 verbose headers   age: '0',
26 verbose headers   connection: 'keep-alive',
26 verbose headers   'x-served-by': 'cache-nrt6126-NRT',
26 verbose headers   'x-cache': 'MISS',
26 verbose headers   'x-cache-hits': '0',
26 verbose headers   'x-timer': 'S1479853158.538479,VS0,VE481',
26 verbose headers   vary: 'Accept-Encoding' }
27 silly get cb [ 304,
27 silly get   { date: 'Tue, 22 Nov 2016 22:19:18 GMT',
27 silly get     via: '1.1 varnish',
27 silly get     'cache-control': 'max-age=300',
27 silly get     etag: 'W/"58042da1-9e49"',
27 silly get     age: '0',
27 silly get     connection: 'keep-alive',
27 silly get     'x-served-by': 'cache-nrt6126-NRT',
27 silly get     'x-cache': 'MISS',
27 silly get     'x-cache-hits': '0',
27 silly get     'x-timer': 'S1479853158.538479,VS0,VE481',
27 silly get     vary: 'Accept-Encoding' } ]
28 verbose etag https://registry.npmjs.org/ios-deploy from cache
29 verbose get saving ios-deploy to /Users/madam/.npm/registry.npmjs.org/ios-deploy/.cache.json
30 verbose correctMkdir /Users/madam/.npm correctMkdir not in flight; initializing
31 silly addNameTag next cb for ios-deploy with tag latest
32 silly addNamed ios-deploy@1.9.0
33 verbose addNamed "1.9.0" is a plain semver version for ios-deploy
34 silly cache afterAdd ios-deploy@1.9.0
35 verbose afterAdd /Users/madam/.npm/ios-deploy/1.9.0/package/package.json not in flight; writing
36 verbose correctMkdir /Users/madam/.npm correctMkdir not in flight; initializing
37 verbose afterAdd /Users/madam/.npm/ios-deploy/1.9.0/package/package.json written
38 silly install resolved [ { name: 'ios-deploy',
38 silly install resolved     version: '1.9.0',
38 silly install resolved     os: [ 'darwin' ],
38 silly install resolved     description: 'launch iOS apps iOS devices from the command line (Xcode 7)',
38 silly install resolved     main: 'ios-deploy',
38 silly install resolved     scripts:
38 silly install resolved      { preinstall: './src/scripts/check_reqs.js && xcodebuild',
38 silly install resolved        test: 'npm run pycompile && npm run jshint && xcodebuild -target ios-deploy-lib && xcodebuild test -scheme ios-deploy-tests',
38 silly install resolved        jshint: 'node node_modules/jshint/bin/jshint src/scripts/*.js',
38 silly install resolved        pycompile: 'python -m py_compile src/scripts/*.py' },
38 silly install resolved     bin: { 'ios-deploy': './build/Release/ios-deploy' },
38 silly install resolved     repository:
38 silly install resolved      { type: 'git',
38 silly install resolved        url: 'git+https://github.com/phonegap/ios-deploy.git' },
38 silly install resolved     devDependencies: { jshint: '2.5.8' },
38 silly install resolved     keywords: [ 'ios-deploy', 'deploy to iOS device' ],
38 silly install resolved     bugs: { url: 'https://github.com/phonegap/ios-deploy/issues' },
38 silly install resolved     author: { name: 'Greg Hughes' },
38 silly install resolved     license: 'GPLv3',
38 silly install resolved     gitHead: '4346b331b703db43aeb3f9281c509042a551f2cc',
38 silly install resolved     homepage: 'https://github.com/phonegap/ios-deploy#readme',
38 silly install resolved     _id: 'ios-deploy@1.9.0',
38 silly install resolved     _shasum: '9f065b9dd78143df51c8a740dac974615b950984',
38 silly install resolved     _from: 'ios-deploy@latest',
38 silly install resolved     _npmVersion: '3.10.3',
38 silly install resolved     _nodeVersion: '6.4.0',
38 silly install resolved     _npmUser: { name: 'shazron', email: 'shazron@gmail.com' },
38 silly install resolved     dist:
38 silly install resolved      { shasum: '9f065b9dd78143df51c8a740dac974615b950984',
38 silly install resolved        tarball: 'https://registry.npmjs.org/ios-deploy/-/ios-deploy-1.9.0.tgz' },
38 silly install resolved     maintainers: [ [Object], [Object], [Object] ],
38 silly install resolved     _npmOperationalInternal:
38 silly install resolved      { host: 'packages-16-east.internal.npmjs.com',
38 silly install resolved        tmp: 'tmp/ios-deploy-1.9.0.tgz_1474020371227_0.9639754295349121' },
38 silly install resolved     directories: {},
38 silly install resolved     _resolved: 'https://registry.npmjs.org/ios-deploy/-/ios-deploy-1.9.0.tgz',
38 silly install resolved     readme: 'ERROR: No README data found!' } ]
39 info install ios-deploy@1.9.0 into /usr/local/lib
40 info installOne ios-deploy@1.9.0
41 verbose installOne of ios-deploy to /usr/local/lib not in flight; installing
42 verbose correctMkdir /Users/madam/.npm/_locks correctMkdir not in flight; initializing
43 verbose lock using /Users/madam/.npm/_locks/ios-deploy-198957223cd98201.lock for /usr/local/lib/node_modules/ios-deploy
44 silly install write writing ios-deploy 1.9.0 to /usr/local/lib/node_modules/ios-deploy
45 verbose unbuild lib/node_modules/ios-deploy
46 silly gentlyRm /usr/local/lib/node_modules/ios-deploy is being purged from base /usr/local
47 verbose gentlyRm don't care about contents; nuking /usr/local/lib/node_modules/ios-deploy
48 verbose tar unpack /Users/madam/.npm/ios-deploy/1.9.0/package.tgz
49 verbose tar unpacking to /usr/local/lib/node_modules/ios-deploy
50 silly gentlyRm /usr/local/lib/node_modules/ios-deploy is being purged
51 verbose gentlyRm don't care about contents; nuking /usr/local/lib/node_modules/ios-deploy
52 silly gunzTarPerm modes [ '755', '644' ]
53 error tar.unpack untar error /Users/madam/.npm/ios-deploy/1.9.0/package.tgz
54 verbose unlock done using /Users/madam/.npm/_locks/ios-deploy-198957223cd98201.lock for /usr/local/lib/node_modules/ios-deploy
55 verbose fstream_path /usr/local/lib/node_modules/ios-deploy
56 verbose fstream_type Directory
57 verbose fstream_class DirWriter
58 verbose stack Error: EACCES: permission denied, mkdir '/usr/local/lib/node_modules/ios-deploy'
58 verbose stack     at Error (native)
59 verbose fstream_stack /usr/local/lib/node_modules/npm/node_modules/fstream/lib/dir-writer.js:35:25
59 verbose fstream_stack /usr/local/lib/node_modules/npm/node_modules/mkdirp/index.js:47:53
59 verbose fstream_stack FSReqWrap.oncomplete (fs.js:82:15)
60 verbose cwd /Users/madam/zyber-zyber.zyber_mobile
61 error Darwin 15.6.0
62 error argv "/usr/local/bin/node" "/usr/local/bin/npm" "install" "-g" "ios-deploy"
63 error node v4.4.4
64 error npm  v2.15.1
65 error path /usr/local/lib/node_modules/ios-deploy
66 error code EACCES
67 error errno -13
68 error syscall mkdir
69 error Error: EACCES: permission denied, mkdir '/usr/local/lib/node_modules/ios-deploy'
69 error     at Error (native)
69 error  { [Error: EACCES: permission denied, mkdir '/usr/local/lib/node_modules/ios-deploy']
69 error   errno: -13,
69 error   code: 'EACCES',
69 error   syscall: 'mkdir',
69 error   path: '/usr/local/lib/node_modules/ios-deploy',
69 error   fstream_type: 'Directory',
69 error   fstream_path: '/usr/local/lib/node_modules/ios-deploy',
69 error   fstream_class: 'DirWriter',
69 error   fstream_stack:
69 error    [ '/usr/local/lib/node_modules/npm/node_modules/fstream/lib/dir-writer.js:35:25',
69 error      '/usr/local/lib/node_modules/npm/node_modules/mkdirp/index.js:47:53',
69 error      'FSReqWrap.oncomplete (fs.js:82:15)' ] }
70 error Please try running this command again as root/Administrator.
71 verbose exit [ -13, true ]
72 verbose unbuild lib/node_modules/ios-deploy
73 silly gentlyRm /usr/local/lib/node_modules/ios-deploy is being purged from base /usr/local
74 verbose gentlyRm don't care about contents; nuking /usr/local/lib/node_modules/ios-deploy
